Travel_lover/build/outputs/logs/manifest-merger-debug-report.txt
-- Merging decision tree log ---
manifest
ADDED from src\main\AndroidManifest.xml:1:1-192:12
INJECTED from src\main\AndroidManifest.xml:1:1-192:12
INJECTED from src\main\AndroidManifest.xml:1:1-192:12
INJECTED from src\main\AndroidManifest.xml:1:1-192:12
INJECTED from src\main\AndroidManifest.xml:1:1-192:12
INJECTED from src\main\AndroidManifest.xml:1:1-192:12
INJECTED from src\main\AndroidManifest.xml:1:1-192:12
	package
		ADDED from src\main\AndroidManifest.xml:2:5-31
		INJECTED from src\main\AndroidManifest.xml
		INJECTED from src\main\AndroidManifest.xml
	android:versionName
		ADDED from src\main\AndroidManifest.xml:4:5-30
		INJECTED from src\main\AndroidManifest.xml
		INJECTED from src\main\AndroidManifest.xml
	xmlns:android
		ADDED from src\main\AndroidManifest.xml:1:11-69
	android:versionCode
		ADDED from src\main\AndroidManifest.xml:3:5-28
		INJECTED from src\main\AndroidManifest.xml
		INJECTED from src\main\AndroidManifest.xml
	android:installLocation
		ADDED from src\main\AndroidManifest.xml:4:31-71
uses-sdk
ADDED from src\main\AndroidManifest.xml:6:5-8:41
INJECTED from src\main\AndroidManifest.xml:6:5-8:41
INJECTED from src\main\AndroidManifest.xml:6:5-8:41
INJECTED from src\main\AndroidManifest.xml:6:5-8:41
INJECTED from src\main\AndroidManifest.xml:6:5-8:41
	android:targetSdkVersion
		ADDED from src\main\AndroidManifest.xml:8:9-38
		INJECTED from src\main\AndroidManifest.xml
		INJECTED from src\main\AndroidManifest.xml
	android:minSdkVersion
		ADDED from src\main\AndroidManifest.xml:7:9-35
		INJECTED from src\main\AndroidManifest.xml
		INJECTED from src\main\AndroidManifest.xml
uses-permission#android.permission.ACCESS_FINE_LOCATION
ADDED from src\main\AndroidManifest.xml:10:5-11:23
	android:name
		ADDED from src\main\AndroidManifest.xml:10:22-76
uses-permission#android.permission.ACCESS_COARSE_LOCATION
ADDED from src\main\AndroidManifest.xml:12:5-13:23
	android:name
		ADDED from src\main\AndroidManifest.xml:12:22-78
uses-permission#android.permission.ACCESS_LOCATION_EXTRA_COMMANDS
ADDED from src\main\AndroidManifest.xml:14:5-15:23
	android:name
		ADDED from src\main\AndroidManifest.xml:14:22-86
uses-permission#android.permission.ACCESS_MOCK_LOCATION
ADDED from src\main\AndroidManifest.xml:16:5-17:23
	android:name
		ADDED from src\main\AndroidManifest.xml:16:22-76
uses-permission#android.permission.ACCESS_NETWORK_STATE
ADDED from src\main\AndroidManifest.xml:18:5-19:23
	android:name
		ADDED from src\main\AndroidManifest.xml:18:22-76
uses-permission#android.permission.INTERNET
ADDED from src\main\AndroidManifest.xml:20:5-21:23
	android:name
		ADDED from src\main\AndroidManifest.xml:20:22-64
application
ADDED from src\main\AndroidManifest.xml:23:5-190:19
	android:label
		ADDED from src\main\AndroidManifest.xml:25:9-41
	android:icon
		ADDED from src\main\AndroidManifest.xml:24:9-38
	android:theme
		ADDED from src\main\AndroidManifest.xml:26:9-40
uses-library#com.google.android.maps
ADDED from src\main\AndroidManifest.xml:27:9-28:24
	android:name
		ADDED from src\main\AndroidManifest.xml:27:23-61
activity#com.travel_lover.MainActivity
ADDED from src\main\AndroidManifest.xml:30:9-38:20
	android:label
		ADDED from src\main\AndroidManifest.xml:32:13-56
	android:name
		ADDED from src\main\AndroidManifest.xml:31:13-41
intent-filter#android.intent.action.MAIN+android.intent.category.DEFAULT
ADDED from src\main\AndroidManifest.xml:33:13-37:29
action#android.intent.action.MAIN
ADDED from src\main\AndroidManifest.xml:34:17-69
	android:name
		ADDED from src\main\AndroidManifest.xml:34:25-66
category#android.intent.category.DEFAULT
ADDED from src\main\AndroidManifest.xml:36:17-76
	android:name
		ADDED from src\main\AndroidManifest.xml:36:27-73
activity#com.travel_lover.Travel_lover
ADDED from src\main\AndroidManifest.xml:39:9-47:20
	android:label
		ADDED from src\main\AndroidManifest.xml:41:13-56
	android:name
		ADDED from src\main\AndroidManifest.xml:40:13-41
intent-filter#android.intent.action.MAIN+android.intent.category.LAUNCHER
ADDED from src\main\AndroidManifest.xml:42:13-46:29
category#android.intent.category.LAUNCHER
ADDED from src\main\AndroidManifest.xml:45:17-77
	android:name
		ADDED from src\main\AndroidManifest.xml:45:27-74
activity#com.travel_lover.chooseYY
ADDED from src\main\AndroidManifest.xml:48:9-56:20
	android:label
		ADDED from src\main\AndroidManifest.xml:50:13-61
	android:name
		ADDED from src\main\AndroidManifest.xml:49:13-37
activity#com.travel_lover.MapsActivity
ADDED from src\main\AndroidManifest.xml:60:9-68:20
	android:label
		ADDED from src\main\AndroidManifest.xml:62:13-56
	android:name
		ADDED from src\main\AndroidManifest.xml:61:13-41
activity#com.travel_lover.WebActivity
ADDED from src\main\AndroidManifest.xml:69:9-77:20
	android:label
		ADDED from src\main\AndroidManifest.xml:71:13-55
	android:name
		ADDED from src\main\AndroidManifest.xml:70:13-40
activity#com.travel_lover.MoreActivity
ADDED from src\main\AndroidManifest.xml:78:9-86:20
	android:label
		ADDED from src\main\AndroidManifest.xml:80:13-56
	android:name
		ADDED from src\main\AndroidManifest.xml:79:13-41
activity#com.travel_lover.UsActivity
ADDED from src\main\AndroidManifest.xml:87:9-95:20
	android:label
		ADDED from src\main\AndroidManifest.xml:89:13-54
	android:name
		ADDED from src\main\AndroidManifest.xml:88:13-39
activity#com.travel_lover.LogActivity
ADDED from src\main\AndroidManifest.xml:96:9-104:20
	android:label
		ADDED from src\main\AndroidManifest.xml:98:13-55
	android:name
		ADDED from src\main\AndroidManifest.xml:97:13-40
activity#com.travel_lover.DB
ADDED from src\main\AndroidManifest.xml:105:9-113:20
	android:label
		ADDED from src\main\AndroidManifest.xml:107:13-54
	android:name
		ADDED from src\main\AndroidManifest.xml:106:13-31
activity#com.travel_lover.Load
ADDED from src\main\AndroidManifest.xml:114:9-122:20
	android:label
		ADDED from src\main\AndroidManifest.xml:116:13-45
	android:name
		ADDED from src\main\AndroidManifest.xml:115:13-33
activity#com.travel_lover.Success
ADDED from src\main\AndroidManifest.xml:123:9-124:20
	android:name
		ADDED from src\main\AndroidManifest.xml:123:19-41
activity#com.travel_lover.ChangePwd
ADDED from src\main\AndroidManifest.xml:125:9-126:20
	android:name
		ADDED from src\main\AndroidManifest.xml:125:19-43
activity#com.travel_lover.JinanActivity
ADDED from src\main\AndroidManifest.xml:127:9-135:20
	android:label
		ADDED from src\main\AndroidManifest.xml:129:13-57
	android:name
		ADDED from src\main\AndroidManifest.xml:128:13-42
activity#com.travel_lover.lisvtiew
ADDED from src\main\AndroidManifest.xml:136:9-144:20
	android:label
		ADDED from src\main\AndroidManifest.xml:138:13-60
	android:name
		ADDED from src\main\AndroidManifest.xml:137:13-37
activity#com.travel_lover.WebHotel
ADDED from src\main\AndroidManifest.xml:145:9-153:20
	android:label
		ADDED from src\main\AndroidManifest.xml:147:13-61
	android:name
		ADDED from src\main\AndroidManifest.xml:146:13-37
activity#com.travel_lover.WebFood
ADDED from src\main\AndroidManifest.xml:154:9-162:20
	android:label
		ADDED from src\main\AndroidManifest.xml:156:13-60
	android:name
		ADDED from src\main\AndroidManifest.xml:155:13-36
activity#com.travel_lover.btqActivity
ADDED from src\main\AndroidManifest.xml:163:9-171:20
	android:label
		ADDED from src\main\AndroidManifest.xml:165:13-55
	android:name
		ADDED from src\main\AndroidManifest.xml:164:13-40
activity#com.travel_lover.MainActivity111
ADDED from src\main\AndroidManifest.xml:172:9-180:20
	android:label
		ADDED from src\main\AndroidManifest.xml:174:13-68
	android:name
		ADDED from src\main\AndroidManifest.xml:173:13-44
activity#com.travel_lover.MapLayer
ADDED from src\main\AndroidManifest.xml:181:9-189:20
	android:label
		ADDED from src\main\AndroidManifest.xml:183:13-61
	android:name
		ADDED from src\main\AndroidManifest.xml:182:13-37